2022-11-23 10:22:28.844 Info : StarletLoader session started
2022-11-23 10:22:28.856 Info : StarletLoader session finished
2022-11-23 11:34:30.707 Info : StarletLoader session started
2022-11-23 11:34:30.720 Info : StarletLoader session finished
2022-11-23 11:34:50.170 Info : StarletLoader session started
2022-11-23 11:34:50.187 Info : StarletLoader session finished
2022-11-23 11:36:23.037 Info : StarletLoader session started
2022-11-23 11:36:23.049 Info : StarletLoader session finished
2022-11-23 11:38:52.709 Info : StarletLoader session started
2022-11-23 11:38:52.729 Info : StarletLoader session finished
2022-11-23 11:39:29.882 Info : StarletLoader session started
2022-11-23 11:39:29.906 Info : StarletLoader session finished
2022-11-23 11:43:15.027 Info : StarletLoader session started
2022-11-23 11:43:15.039 Info : StarletLoader session finished
2022-11-23 11:43:35.372 Info : StarletLoader session started
2022-11-23 11:43:35.384 Info : StarletLoader session finished
2022-11-23 09:50:13.981 Info : StarletLoader session started
2022-11-23 09:50:56.163 Info : StarletLoader session started
2022-11-23 09:51:17.357 Info : StarletLoader session started
2022-11-23 09:51:44.138 Info : StarletLoader session started
2022-11-23 09:51:56.923 Info : StarletLoader session started
2022-11-23 09:51:56.974 Info : StarletLoader session finished
2022-11-23 10:25:10.378 Info : StarletLoader session started
2022-11-23 10:25:10.426 Info : StarletLoader session finished
2022-11-23 10:25:25.781 Info : StarletLoader session started
2022-11-23 10:25:25.853 Info : found file dummy.csv
2022-11-23 10:25:25.882 Info : found file O1T5I0~7.CSV
2022-11-23 10:25:25.889 Info : found file O44FH0~K.CSV
2022-11-23 10:25:25.891 Info : found file O8PAAL~O.CSV
2022-11-23 10:25:25.893 Info : found file OBHBV1~U.CSV
2022-11-23 10:25:25.895 Info : found file OGJEV4~Y.CSV
2022-11-23 10:25:25.898 Info : found file OK3NBK~8.CSV
2022-11-23 10:25:25.900 Info : found file OMFQEG~C.CSV
2022-11-23 10:25:25.901 Info : found file OOUOC9~O.CSV
2022-11-23 10:25:25.903 Info : found file OS77UE~H.CSV
2022-11-23 10:25:25.904 Info : found file OTKDIF~O.CSV
2022-11-23 10:25:25.906 Info : found file OXFI9A~L.CSV
2022-11-23 10:25:25.907 Info : found file OXJ6PW~Y.CSV
2022-11-23 10:25:25.908 Info : found file OZ4O5Y~4.CSV
2022-11-23 10:25:25.913 Info : found file OZEOJ6~1.CSV
2022-11-23 10:25:25.957 Info : StarletLoader session finished
2022-11-23 10:25:58.426 Info : StarletLoader session started
2022-11-23 10:25:58.494 Info : found file tmp
2022-11-23 10:26:17.263 Info : StarletLoader session started
2022-11-23 10:26:17.334 Info : found file OZEOJ6~1.CSV
2022-11-23 10:26:17.397 Info : StarletLoader session finished
2022-11-23 10:27:55.115 Info : StarletLoader session started
2022-11-23 10:27:55.189 Info : found file OZEOJ6~1.CSV
2022-11-23 10:28:12.565 Info : StarletLoader session started
2022-11-23 10:28:12.640 Info : found file OZEOJ6~1.CSV
2022-11-23 10:28:26.253 Info : StarletLoader session started
2022-11-23 10:28:26.323 Info : found file OZEOJ6~1.CSV
2022-11-23 10:28:42.154 Info : StarletLoader session started
2022-11-23 10:28:42.225 Info : found file OZEOJ6~1.CSV
2022-11-23 10:28:42.293 Info : StarletLoader session finished
2022-11-23 10:31:13.121 Info : StarletLoader session started
2022-11-23 10:31:13.192 Info : found file OZEOJ6~1.CSV
2022-11-23 10:31:13.293 Info : StarletLoader session finished
2022-11-23 10:31:33.021 Info : StarletLoader session started
2022-11-23 10:31:33.091 Info : found file OZEOJ6~1.CSV
2022-11-23 10:31:33.186 Info : StarletLoader session finished
2022-11-23 10:43:43.952 Info : StarletLoader session started
2022-11-23 10:43:44.044 Info : found file OZEOJ6~1.CSV
2022-11-23 10:45:04.410 Info : StarletLoader session started
2022-11-23 10:45:04.491 Info : found file OZEOJ6~1.CSV
2022-11-23 10:45:04.608 Info : found test UTI1 in file D:\repository\StarletLoader\Gateway\Input\OZEOJ6~1.CSV
2022-11-23 10:45:04.695 Info : found test UTI1 in file D:\repository\StarletLoader\Gateway\Input\OZEOJ6~1.CSV
2022-11-23 10:45:04.717 Info : StarletLoader session finished
2022-11-23 10:45:57.029 Info : StarletLoader session started
2022-11-23 10:45:57.110 Info : found file OZEOJ6~1.CSV
2022-11-23 10:45:57.225 Info : found test UTI1 in file D:\repository\StarletLoader\Gateway\Input\OZEOJ6~1.CSV
2022-11-23 10:45:57.313 Info : found test UTI1 in file D:\repository\StarletLoader\Gateway\Input\OZEOJ6~1.CSV
2022-11-23 10:45:57.336 Info : StarletLoader session finished
2022-11-23 10:46:08.070 Info : StarletLoader session started
2022-11-23 10:46:08.154 Info : found file OZEOJ6~1.CSV
2022-11-23 10:46:37.477 Info : StarletLoader session started
2022-11-23 10:46:37.559 Info : found file OZEOJ6~1.CSV
2022-11-23 10:48:02.892 Info : StarletLoader session started
2022-11-23 10:48:02.971 Info : found file OZEOJ6~1.CSV
2022-11-23 10:48:12.646 Info : StarletLoader session started
2022-11-23 10:48:12.728 Info : found file OZEOJ6~1.CSV
2022-11-23 10:49:15.527 Info : StarletLoader session started
2022-11-23 10:49:15.611 Info : found file OZEOJ6~1.CSV
2022-11-23 10:50:28.820 Info : StarletLoader session started
2022-11-23 10:50:28.901 Info : found file OZEOJ6~1.CSV
2022-11-23 10:51:24.771 Info : StarletLoader session started
2022-11-23 10:51:24.850 Info : found file OZEOJ6~1.CSV
2022-11-23 10:52:57.307 Info : StarletLoader session started
2022-11-23 10:53:12.755 Info : StarletLoader session started
2022-11-23 10:53:12.840 Info : found file OZEOJ6~1.CSV
2022-11-23 10:53:12.961 Info : found test UTI1 in file D:\repository\StarletLoader\Gateway\Input\OZEOJ6~1.CSV
2022-11-23 10:53:13.049 Info : found test UTI1 in file D:\repository\StarletLoader\Gateway\Input\OZEOJ6~1.CSV
2022-11-23 10:53:13.073 Info : StarletLoader session finished
2022-11-23 10:53:53.126 Info : StarletLoader session started
2022-11-23 10:53:53.206 Info : found file OZEOJ6~1.CSV
2022-11-23 10:53:53.339 Info : found test UTI1 in file D:\repository\StarletLoader\Gateway\Input\OZEOJ6~1.CSV
2022-11-23 10:53:53.468 Info : found test UTI1 in file D:\repository\StarletLoader\Gateway\Input\OZEOJ6~1.CSV
2022-11-23 10:53:53.490 Info : StarletLoader session finished
2022-11-23 10:54:00.202 Info : StarletLoader session started
2022-11-23 10:54:00.281 Info : found file OZEOJ6~1.CSV
2022-11-23 10:54:00.396 Info : found test UTI1 in file D:\repository\StarletLoader\Gateway\Input\OZEOJ6~1.CSV
2022-11-23 10:54:00.485 Info : found test UTI1 in file D:\repository\StarletLoader\Gateway\Input\OZEOJ6~1.CSV
2022-11-23 10:54:00.515 Info : StarletLoader session finished
2022-11-23 10:55:03.540 Info : StarletLoader session started
2022-11-23 10:55:03.618 Info : found file dummy.csv
2022-11-23 10:55:03.740 Info : found test RP1 in file D:\repository\StarletLoader\Gateway\Input\dummy.csv
2022-11-23 10:55:03.742 Info : found file O1T5I0~7.CSV
2022-11-23 10:55:03.837 Info : found test UTI1 in file D:\repository\StarletLoader\Gateway\Input\O1T5I0~7.CSV
2022-11-23 10:55:03.839 Info : found file O44FH0~K.CSV
2022-11-23 10:55:03.840 Info : found file O8PAAL~O.CSV
2022-11-23 10:55:03.937 Info : found test UTI1 in file D:\repository\StarletLoader\Gateway\Input\O8PAAL~O.CSV
2022-11-23 10:55:03.939 Info : found file OBHBV1~U.CSV
2022-11-23 10:55:04.029 Info : found test UTI1 in file D:\repository\StarletLoader\Gateway\Input\OBHBV1~U.CSV
2022-11-23 10:55:04.031 Info : found file OGJEV4~Y.CSV
2022-11-23 10:55:04.121 Info : found test UTI1 in file D:\repository\StarletLoader\Gateway\Input\OGJEV4~Y.CSV
2022-11-23 10:55:04.221 Info : found test UTI1 in file D:\repository\StarletLoader\Gateway\Input\OGJEV4~Y.CSV
2022-11-23 10:55:04.223 Info : found file OK3NBK~8.CSV
2022-11-23 10:55:04.321 Info : found test UTI1 in file D:\repository\StarletLoader\Gateway\Input\OK3NBK~8.CSV
2022-11-23 10:55:04.421 Info : found test UTI1 in file D:\repository\StarletLoader\Gateway\Input\OK3NBK~8.CSV
2022-11-23 10:55:04.529 Info : found test UTI1 in file D:\repository\StarletLoader\Gateway\Input\OK3NBK~8.CSV
2022-11-23 10:55:04.531 Info : found file OMFQEG~C.CSV
2022-11-23 10:55:04.621 Info : found test UTI1 in file D:\repository\StarletLoader\Gateway\Input\OMFQEG~C.CSV
2022-11-23 10:55:04.622 Info : found file OOUOC9~O.CSV
2022-11-23 10:55:04.729 Info : found test UTI1 in file D:\repository\StarletLoader\Gateway\Input\OOUOC9~O.CSV
2022-11-23 10:55:04.731 Info : found file OS77UE~H.CSV
2022-11-23 10:55:04.837 Info : found test UTI1 in file D:\repository\StarletLoader\Gateway\Input\OS77UE~H.CSV
2022-11-23 10:55:04.839 Info : found file OTKDIF~O.CSV
2022-11-23 10:55:04.937 Info : found test RP1 in file D:\repository\StarletLoader\Gateway\Input\OTKDIF~O.CSV
2022-11-23 10:55:04.939 Info : found file OXFI9A~L.CSV
2022-11-23 10:55:05.029 Info : found test UTI1 in file D:\repository\StarletLoader\Gateway\Input\OXFI9A~L.CSV
2022-11-23 10:55:05.031 Info : found file OXJ6PW~Y.CSV
2022-11-23 10:55:05.121 Info : found test RP1 in file D:\repository\StarletLoader\Gateway\Input\OXJ6PW~Y.CSV
2022-11-23 10:55:05.122 Info : found file OZ4O5Y~4.CSV
2022-11-23 10:55:05.212 Info : found test UTI1 in file D:\repository\StarletLoader\Gateway\Input\OZ4O5Y~4.CSV
2022-11-23 10:55:05.296 Info : found test UTI1 in file D:\repository\StarletLoader\Gateway\Input\OZ4O5Y~4.CSV
2022-11-23 10:55:05.379 Info : found test UTI1 in file D:\repository\StarletLoader\Gateway\Input\OZ4O5Y~4.CSV
2022-11-23 10:55:05.471 Info : found test UTI1 in file D:\repository\StarletLoader\Gateway\Input\OZ4O5Y~4.CSV
2022-11-23 10:55:05.579 Info : found test UTI1 in file D:\repository\StarletLoader\Gateway\Input\OZ4O5Y~4.CSV
2022-11-23 10:55:05.581 Info : found file OZEOJ6~1.CSV
2022-11-23 10:55:05.679 Info : found test UTI1 in file D:\repository\StarletLoader\Gateway\Input\OZEOJ6~1.CSV
2022-11-23 10:55:05.796 Info : found test UTI1 in file D:\repository\StarletLoader\Gateway\Input\OZEOJ6~1.CSV
2022-11-23 10:55:05.805 Info : StarletLoader session finished
2022-11-23 10:55:47.147 Info : StarletLoader session started
2022-11-23 10:55:47.228 Info : found file dummy.csv
2022-11-23 10:55:47.351 Info :   test RP1
2022-11-23 10:55:47.352 Info : found file O1T5I0~7.CSV
2022-11-23 10:55:47.448 Info :   test UTI1
2022-11-23 10:55:47.449 Info : found file O44FH0~K.CSV
2022-11-23 10:55:47.451 Info : found file O8PAAL~O.CSV
2022-11-23 10:55:47.548 Info :   test UTI1
2022-11-23 10:55:47.549 Info : found file OBHBV1~U.CSV
2022-11-23 10:55:47.639 Info :   test UTI1
2022-11-23 10:55:47.641 Info : found file OGJEV4~Y.CSV
2022-11-23 10:55:47.731 Info :   test UTI1
2022-11-23 10:55:47.848 Info :   test UTI1
2022-11-23 10:55:47.856 Info : found file OK3NBK~8.CSV
2022-11-23 10:55:47.998 Info :   test UTI1
2022-11-23 10:55:48.121 Info :   test UTI1
2022-11-23 10:55:48.223 Info :   test UTI1
2022-11-23 10:55:48.224 Info : found file OMFQEG~C.CSV
2022-11-23 10:55:48.314 Info :   test UTI1
2022-11-23 10:55:48.316 Info : found file OOUOC9~O.CSV
2022-11-23 10:55:48.406 Info :   test UTI1
2022-11-23 10:55:48.408 Info : found file OS77UE~H.CSV
2022-11-23 10:55:48.506 Info :   test UTI1
2022-11-23 10:55:48.508 Info : found file OTKDIF~O.CSV
2022-11-23 10:55:48.606 Info :   test RP1
2022-11-23 10:55:48.607 Info : found file OXFI9A~L.CSV
2022-11-23 10:55:48.698 Info :   test UTI1
2022-11-23 10:55:48.700 Info : found file OXJ6PW~Y.CSV
2022-11-23 10:55:48.789 Info :   test RP1
2022-11-23 10:55:48.791 Info : found file OZ4O5Y~4.CSV
2022-11-23 10:55:48.881 Info :   test UTI1
2022-11-23 10:55:48.964 Info :   test UTI1
2022-11-23 10:55:49.048 Info :   test UTI1
2022-11-23 10:55:49.139 Info :   test UTI1
2022-11-23 10:55:49.239 Info :   test UTI1
2022-11-23 10:55:49.241 Info : found file OZEOJ6~1.CSV
2022-11-23 10:55:49.339 Info :   test UTI1
2022-11-23 10:55:49.439 Info :   test UTI1
2022-11-23 10:55:49.463 Info : StarletLoader session finished
2022-11-23 10:56:46.700 Info : StarletLoader session started
2022-11-23 10:56:46.780 Info : found file dummy.csv
2022-11-23 10:56:46.787 Info :   Accession: 2231500815
2022-11-23 10:56:46.903 Info :     Test: RP1
2022-11-23 10:56:46.905 Info : found file O1T5I0~7.CSV
2022-11-23 10:56:46.907 Info :   Accession: 2232000937
2022-11-23 10:56:47.000 Info :     Test: UTI1
2022-11-23 10:56:47.002 Info : found file O44FH0~K.CSV
2022-11-23 10:56:47.003 Info :   Accession: 2231995227
2022-11-23 10:56:47.004 Info : found file O8PAAL~O.CSV
2022-11-23 10:56:47.005 Info :   Accession: 2232001130
2022-11-23 10:56:47.109 Info :     Test: UTI1
2022-11-23 10:56:47.110 Info : found file OBHBV1~U.CSV
2022-11-23 10:56:47.111 Info :   Accession: 2232001136
2022-11-23 10:56:47.200 Info :     Test: UTI1
2022-11-23 10:56:47.202 Info : found file OGJEV4~Y.CSV
2022-11-23 10:56:47.203 Info :   Accession: 2231902981
2022-11-23 10:56:47.292 Info :     Test: UTI1
2022-11-23 10:56:47.294 Info :   Accession: 2231903049
2022-11-23 10:56:47.400 Info :     Test: UTI1
2022-11-23 10:56:47.402 Info : found file OK3NBK~8.CSV
2022-11-23 10:56:47.403 Info :   Accession: 2232001197
2022-11-23 10:56:47.507 Info :     Test: UTI1
2022-11-23 10:56:47.510 Info :   Accession: 2232001200
2022-11-23 10:56:47.609 Info :     Test: UTI1
2022-11-23 10:56:47.610 Info :   Accession: 2232001201
2022-11-23 10:56:47.709 Info :     Test: UTI1
2022-11-23 10:56:47.710 Info : found file OMFQEG~C.CSV
2022-11-23 10:56:47.712 Info :   Accession: 2232000926
2022-11-23 10:56:47.800 Info :     Test: UTI1
2022-11-23 10:56:47.802 Info : found file OOUOC9~O.CSV
2022-11-23 10:56:47.803 Info :   Accession: 2232000890
2022-11-23 10:56:47.901 Info :     Test: UTI1
2022-11-23 10:56:47.902 Info : found file OS77UE~H.CSV
2022-11-23 10:56:47.904 Info :   Accession: 2232000947
2022-11-23 10:56:48.000 Info :     Test: UTI1
2022-11-23 10:56:48.002 Info : found file OTKDIF~O.CSV
2022-11-23 10:56:48.003 Info :   Accession: 2232035065
2022-11-23 10:56:48.100 Info :     Test: RP1
2022-11-23 10:56:48.102 Info : found file OXFI9A~L.CSV
2022-11-23 10:56:48.103 Info :   Accession: 2232001052
2022-11-23 10:56:48.192 Info :     Test: UTI1
2022-11-23 10:56:48.193 Info : found file OXJ6PW~Y.CSV
2022-11-23 10:56:48.195 Info :   Accession: 2232035066
2022-11-23 10:56:48.284 Info :     Test: RP1
2022-11-23 10:56:48.285 Info : found file OZ4O5Y~4.CSV
2022-11-23 10:56:48.286 Info :   Accession: 2232001190
2022-11-23 10:56:48.384 Info :     Test: UTI1
2022-11-23 10:56:48.385 Info :   Accession: 2232001193
2022-11-23 10:56:48.467 Info :     Test: UTI1
2022-11-23 10:56:48.469 Info :   Accession: 2232001194
2022-11-23 10:56:48.550 Info :     Test: UTI1
2022-11-23 10:56:48.552 Info :   Accession: 2232001195
2022-11-23 10:56:48.650 Info :     Test: UTI1
2022-11-23 10:56:48.652 Info :   Accession: 2232001196
2022-11-23 10:56:48.750 Info :     Test: UTI1
2022-11-23 10:56:48.752 Info : found file OZEOJ6~1.CSV
2022-11-23 10:56:48.753 Info :   Accession: 2226601182
2022-11-23 10:56:48.850 Info :     Test: UTI1
2022-11-23 10:56:48.852 Info :   Accession: 2226601183
2022-11-23 10:56:48.958 Info :     Test: UTI1
2022-11-23 10:56:48.960 Info :   Accession: 2231835735
2022-11-23 10:56:48.961 Info :   Accession: 2231895033
2022-11-23 10:56:48.962 Info :   Accession: 2231895271
2022-11-23 10:56:48.963 Info :   Accession: 2231901668
2022-11-23 10:56:48.964 Info :   Accession: 2231901669
2022-11-23 10:56:48.964 Info :   Accession: 2231901670
2022-11-23 10:56:48.965 Info :   Accession: 2231901671
2022-11-23 10:56:48.966 Info :   Accession: 2231901672
2022-11-23 10:56:48.967 Info :   Accession: 2231902043
2022-11-23 10:56:48.967 Info :   Accession: 2231903797
2022-11-23 10:56:48.968 Info :   Accession: 2231903810
2022-11-23 10:56:48.969 Info :   Accession: 2231935037
2022-11-23 10:56:48.969 Info :   Accession: 2231935079
2022-11-23 10:56:48.970 Info :   Accession: 2231935761
2022-11-23 10:56:48.971 Info :   Accession: 2231935762
2022-11-23 10:56:48.972 Info :   Accession: 2231935797
2022-11-23 10:56:48.972 Info :   Accession: 2231935813
2022-11-23 10:56:48.973 Info :   Accession: 2231935814
2022-11-23 10:56:48.974 Info :   Accession: 2231935815
2022-11-23 10:56:48.974 Info :   Accession: 2231935816
2022-11-23 10:56:48.975 Info :   Accession: 2231935818
2022-11-23 10:56:48.976 Info :   Accession: 2231935819
2022-11-23 10:56:48.977 Info :   Accession: 2231935821
2022-11-23 10:56:48.977 Info :   Accession: 2231935823
2022-11-23 10:56:48.978 Info :   Accession: 2231935826
2022-11-23 10:56:48.979 Info :   Accession: 2231935827
2022-11-23 10:56:48.979 Info :   Accession: 2231935828
2022-11-23 10:56:48.980 Info :   Accession: 2231935831
2022-11-23 10:56:48.982 Info :   Accession: 2231935833
2022-11-23 10:56:48.983 Info :   Accession: 2231935836
2022-11-23 10:56:48.984 Info :   Accession: 2231935838
2022-11-23 10:56:48.984 Info :   Accession: 2231935845
2022-11-23 10:56:48.985 Info :   Accession: 2231935855
2022-11-23 10:56:48.986 Info :   Accession: 2231935862
2022-11-23 10:56:48.987 Info :   Accession: 2231935870
2022-11-23 10:56:48.987 Info :   Accession: 2231935871
2022-11-23 10:56:48.988 Info :   Accession: 2231935872
2022-11-23 10:56:48.989 Info :   Accession: 2231935873
2022-11-23 10:56:48.989 Info :   Accession: 2231935875
2022-11-23 10:56:48.990 Info :   Accession: 2231935876
2022-11-23 10:56:48.991 Info :   Accession: 2231935878
2022-11-23 10:56:48.991 Info :   Accession: 2231935879
2022-11-23 10:56:48.992 Info :   Accession: 2231935880
2022-11-23 10:56:48.993 Info :   Accession: 2231935881
2022-11-23 10:56:48.993 Info :   Accession: 2231935884
2022-11-23 10:56:48.994 Info :   Accession: 2231970017
2022-11-23 10:56:48.995 Info :   Accession: 2231995035
2022-11-23 10:56:48.996 Info :   Accession: 2232000072
2022-11-23 10:56:48.998 Info :   Accession: 2232000101
2022-11-23 10:56:48.998 Info :   Accession: 2232000110
2022-11-23 10:56:48.999 Info :   Accession: 2232000145
2022-11-23 10:56:49.000 Info :   Accession: 2232000190
2022-11-23 10:56:49.001 Info :   Accession: 2232000198
2022-11-23 10:56:49.001 Info :   Accession: 2232000202
2022-11-23 10:56:49.002 Info :   Accession: 2232000208
2022-11-23 10:56:49.003 Info :   Accession: 2232000210
2022-11-23 10:56:49.003 Info :   Accession: 2232000212
2022-11-23 10:56:49.004 Info :   Accession: 2232000218
2022-11-23 10:56:49.005 Info :   Accession: 2232000220
2022-11-23 10:56:49.005 Info :   Accession: 2232000226
2022-11-23 10:56:49.006 Info :   Accession: 2232000239
2022-11-23 10:56:49.007 Info :   Accession: 2232000244
2022-11-23 10:56:49.009 Info :   Accession: 2232000247
2022-11-23 10:56:49.010 Info :   Accession: 2232000249
2022-11-23 10:56:49.010 Info :   Accession: 2232000252
2022-11-23 10:56:49.011 Info :   Accession: 2232000438
2022-11-23 10:56:49.013 Info :   Accession: 2232000459
2022-11-23 10:56:49.013 Info :   Accession: 2232000652
2022-11-23 10:56:49.014 Info :   Accession: 2232000859
2022-11-23 10:56:49.015 Info :   Accession: 2232000883
2022-11-23 10:56:49.015 Info :   Accession: 2232000974
2022-11-23 10:56:49.016 Info :   Accession: 2232001113
2022-11-23 10:56:49.017 Info :   Accession: 2232001134
2022-11-23 10:56:49.018 Info :   Accession: 2232001257
2022-11-23 10:56:49.018 Info :   Accession: 2232035017
2022-11-23 10:56:49.019 Info :   Accession: 2232035019
2022-11-23 10:56:49.020 Info :   Accession: 2232035021
2022-11-23 10:56:49.020 Info :   Accession: 2232035022
2022-11-23 10:56:49.021 Info :   Accession: 2232035065
2022-11-23 10:56:49.022 Info :   Accession: 2232035066
2022-11-23 10:56:49.022 Info :   Accession: 2232090006
2022-11-23 10:56:49.023 Info :   Accession: 2232090031
2022-11-23 10:56:49.024 Info :   Accession: 2232090040
2022-11-23 10:56:49.029 Info : StarletLoader session finished
2022-11-23 11:02:49.785 Info : StarletLoader session started
2022-11-23 11:02:49.871 Info : found file dummy.csv
2022-11-23 11:02:49.879 Info :   Accession: 2231500815
2022-11-23 11:02:49.994 Info :     Test: RP1
2022-11-23 11:02:49.996 Info : found file O1T5I0~7.CSV
2022-11-23 11:02:49.997 Info :   Accession: 2232000937
2022-11-23 11:02:50.108 Info :     Test: UTI1
2022-11-23 11:02:50.109 Info : found file O44FH0~K.CSV
2022-11-23 11:02:50.111 Info :   Accession: 2231995227
2022-11-23 11:02:50.112 Info : found file O8PAAL~O.CSV
2022-11-23 11:02:50.113 Info :   Accession: 2232001130
2022-11-23 11:02:50.216 Info :     Test: UTI1
2022-11-23 11:02:50.218 Info : found file OBHBV1~U.CSV
2022-11-23 11:02:50.220 Info :   Accession: 2232001136
2022-11-23 11:02:50.299 Info :     Test: UTI1
2022-11-23 11:02:50.301 Info : found file OGJEV4~Y.CSV
2022-11-23 11:02:50.302 Info :   Accession: 2231902981
2022-11-23 11:02:50.391 Info :     Test: UTI1
2022-11-23 11:02:50.394 Info :   Accession: 2231903049
2022-11-23 11:02:50.499 Info :     Test: UTI1
2022-11-23 11:02:50.502 Info : found file OK3NBK~8.CSV
2022-11-23 11:02:50.503 Info :   Accession: 2232001197
2022-11-23 11:02:50.600 Info :     Test: UTI1
2022-11-23 11:02:50.602 Info :   Accession: 2232001200
2022-11-23 11:02:50.708 Info :     Test: UTI1
2022-11-23 11:02:50.710 Info :   Accession: 2232001201
2022-11-23 11:02:50.808 Info :     Test: UTI1
2022-11-23 11:02:50.810 Info : found file OMFQEG~C.CSV
2022-11-23 11:02:50.811 Info :   Accession: 2232000926
2022-11-23 11:02:50.899 Info :     Test: UTI1
2022-11-23 11:02:50.901 Info : found file OOUOC9~O.CSV
2022-11-23 11:02:50.902 Info :   Accession: 2232000890
2022-11-23 11:02:50.999 Info :     Test: UTI1
2022-11-23 11:02:51.001 Info : found file OS77UE~H.CSV
2022-11-23 11:02:51.003 Info :   Accession: 2232000947
2022-11-23 11:02:51.091 Info :     Test: UTI1
2022-11-23 11:02:51.093 Info : found file OTKDIF~O.CSV
2022-11-23 11:02:51.094 Info :   Accession: 2232035065
2022-11-23 11:02:51.183 Info :     Test: RP1
2022-11-23 11:02:51.184 Info : found file OXFI9A~L.CSV
2022-11-23 11:02:51.186 Info :   Accession: 2232001052
2022-11-23 11:02:51.283 Info :     Test: UTI1
2022-11-23 11:02:51.284 Info : found file OXJ6PW~Y.CSV
2022-11-23 11:02:51.286 Info :   Accession: 2232035066
2022-11-23 11:02:51.383 Info :     Test: RP1
2022-11-23 11:02:51.385 Info : found file OZ4O5Y~4.CSV
2022-11-23 11:02:51.387 Info :   Accession: 2232001190
2022-11-23 11:02:51.491 Info :     Test: UTI1
2022-11-23 11:02:51.493 Info :   Accession: 2232001193
2022-11-23 11:02:51.574 Info :     Test: UTI1
2022-11-23 11:02:51.576 Info :   Accession: 2232001194
2022-11-23 11:02:51.666 Info :     Test: UTI1
2022-11-23 11:02:51.668 Info :   Accession: 2232001195
2022-11-23 11:02:51.766 Info :     Test: UTI1
2022-11-23 11:02:51.768 Info :   Accession: 2232001196
2022-11-23 11:02:51.858 Info :     Test: UTI1
2022-11-23 11:02:51.859 Info : found file OZEOJ6~1.CSV
2022-11-23 11:02:51.861 Info :   Accession: 2226601182
2022-11-23 11:02:51.958 Info :     Test: UTI1
2022-11-23 11:02:51.959 Info :   Accession: 2226601183
2022-11-23 11:02:52.066 Info :     Test: UTI1
2022-11-23 11:02:52.068 Info :   Accession: 2231835735
2022-11-23 11:02:52.069 Info :   Accession: 2231895033
2022-11-23 11:02:52.070 Info :   Accession: 2231895271
2022-11-23 11:02:52.071 Info :   Accession: 2231901668
2022-11-23 11:02:52.071 Info :   Accession: 2231901669
2022-11-23 11:02:52.072 Info :   Accession: 2231901670
2022-11-23 11:02:52.073 Info :   Accession: 2231901671
2022-11-23 11:02:52.074 Info :   Accession: 2231901672
2022-11-23 11:02:52.074 Info :   Accession: 2231902043
2022-11-23 11:02:52.075 Info :   Accession: 2231903797
2022-11-23 11:02:52.076 Info :   Accession: 2231903810
2022-11-23 11:02:52.077 Info :   Accession: 2231935037
2022-11-23 11:02:52.078 Info :   Accession: 2231935079
2022-11-23 11:02:52.078 Info :   Accession: 2231935761
2022-11-23 11:02:52.080 Info :   Accession: 2231935762
2022-11-23 11:02:52.081 Info :   Accession: 2231935797
2022-11-23 11:02:52.082 Info :   Accession: 2231935813
2022-11-23 11:02:52.083 Info :   Accession: 2231935814
2022-11-23 11:02:52.084 Info :   Accession: 2231935815
2022-11-23 11:02:52.084 Info :   Accession: 2231935816
2022-11-23 11:02:52.085 Info :   Accession: 2231935818
2022-11-23 11:02:52.086 Info :   Accession: 2231935819
2022-11-23 11:02:52.087 Info :   Accession: 2231935821
2022-11-23 11:02:52.088 Info :   Accession: 2231935823
2022-11-23 11:02:52.088 Info :   Accession: 2231935826
2022-11-23 11:02:52.089 Info :   Accession: 2231935827
2022-11-23 11:02:52.090 Info :   Accession: 2231935828
2022-11-23 11:02:52.091 Info :   Accession: 2231935831
2022-11-23 11:02:52.092 Info :   Accession: 2231935833
2022-11-23 11:02:52.092 Info :   Accession: 2231935836
2022-11-23 11:02:52.093 Info :   Accession: 2231935838
2022-11-23 11:02:52.095 Info :   Accession: 2231935845
2022-11-23 11:02:52.096 Info :   Accession: 2231935855
2022-11-23 11:02:52.097 Info :   Accession: 2231935862
2022-11-23 11:02:52.098 Info :   Accession: 2231935870
2022-11-23 11:02:52.099 Info :   Accession: 2231935871
2022-11-23 11:02:52.099 Info :   Accession: 2231935872
2022-11-23 11:02:52.100 Info :   Accession: 2231935873
2022-11-23 11:02:52.101 Info :   Accession: 2231935875
2022-11-23 11:02:52.101 Info :   Accession: 2231935876
2022-11-23 11:02:52.102 Info :   Accession: 2231935878
2022-11-23 11:02:52.103 Info :   Accession: 2231935879
2022-11-23 11:02:52.104 Info :   Accession: 2231935880
2022-11-23 11:02:52.104 Info :   Accession: 2231935881
2022-11-23 11:02:52.105 Info :   Accession: 2231935884
2022-11-23 11:02:52.106 Info :   Accession: 2231970017
2022-11-23 11:02:52.107 Info :   Accession: 2231995035
2022-11-23 11:02:52.107 Info :   Accession: 2232000072
2022-11-23 11:02:52.108 Info :   Accession: 2232000101
2022-11-23 11:02:52.109 Info :   Accession: 2232000110
2022-11-23 11:02:52.111 Info :   Accession: 2232000145
2022-11-23 11:02:52.112 Info :   Accession: 2232000190
2022-11-23 11:02:52.113 Info :   Accession: 2232000198
2022-11-23 11:02:52.113 Info :   Accession: 2232000202
2022-11-23 11:02:52.114 Info :   Accession: 2232000208
2022-11-23 11:02:52.115 Info :   Accession: 2232000210
2022-11-23 11:02:52.116 Info :   Accession: 2232000212
2022-11-23 11:02:52.117 Info :   Accession: 2232000218
2022-11-23 11:02:52.117 Info :   Accession: 2232000220
2022-11-23 11:02:52.118 Info :   Accession: 2232000226
2022-11-23 11:02:52.119 Info :   Accession: 2232000239
2022-11-23 11:02:52.119 Info :   Accession: 2232000244
2022-11-23 11:02:52.120 Info :   Accession: 2232000247
2022-11-23 11:02:52.121 Info :   Accession: 2232000249
2022-11-23 11:02:52.122 Info :   Accession: 2232000252
2022-11-23 11:02:52.122 Info :   Accession: 2232000438
2022-11-23 11:02:52.123 Info :   Accession: 2232000459
2022-11-23 11:02:52.124 Info :   Accession: 2232000652
2022-11-23 11:02:52.126 Info :   Accession: 2232000859
2022-11-23 11:02:52.127 Info :   Accession: 2232000883
2022-11-23 11:02:52.128 Info :   Accession: 2232000974
2022-11-23 11:02:52.129 Info :   Accession: 2232001113
2022-11-23 11:02:52.129 Info :   Accession: 2232001134
2022-11-23 11:02:52.130 Info :   Accession: 2232001257
2022-11-23 11:02:52.131 Info :   Accession: 2232035017
2022-11-23 11:02:52.132 Info :   Accession: 2232035019
2022-11-23 11:02:52.132 Info :   Accession: 2232035021
2022-11-23 11:02:52.133 Info :   Accession: 2232035022
2022-11-23 11:02:52.134 Info :   Accession: 2232035065
2022-11-23 11:02:52.134 Info :   Accession: 2232035066
2022-11-23 11:02:52.135 Info :   Accession: 2232090006
2022-11-23 11:02:52.136 Info :   Accession: 2232090031
2022-11-23 11:02:52.137 Info :   Accession: 2232090040
2022-11-23 11:02:52.142 Info : StarletLoader session finished
2022-11-23 11:15:30.634 Info : StarletLoader session started
2022-11-23 11:15:30.716 Info : found file dummy.csv
2022-11-23 11:15:30.725 Info :   Accession: 2231500815
2022-11-23 11:15:30.831 Info :     Test: RP1
2022-11-23 11:15:30.832 Info : found file O1T5I0~7.CSV
2022-11-23 11:15:30.834 Info :   Accession: 2232000937
2022-11-23 11:15:30.937 Info :     Test: UTI1
2022-11-23 11:15:30.939 Info : found file O44FH0~K.CSV
2022-11-23 11:15:30.940 Info :   Accession: 2231995227
2022-11-23 11:15:30.941 Info : found file O8PAAL~O.CSV
2022-11-23 11:15:30.942 Info :   Accession: 2232001130
2022-11-23 11:15:31.020 Info :     Test: UTI1
2022-11-23 11:15:31.022 Info : found file OBHBV1~U.CSV
2022-11-23 11:15:31.023 Info :   Accession: 2232001136
2022-11-23 11:15:31.103 Info :     Test: UTI1
2022-11-23 11:15:31.105 Info : found file OGJEV4~Y.CSV
2022-11-23 11:15:31.106 Info :   Accession: 2231902981
2022-11-23 11:15:31.195 Info :     Test: UTI1
2022-11-23 11:15:31.197 Info :   Accession: 2231903049
2022-11-23 11:15:31.286 Info :     Test: UTI1
2022-11-23 11:15:31.288 Info : found file OK3NBK~8.CSV
2022-11-23 11:15:31.289 Info :   Accession: 2232001197
2022-11-23 11:15:31.362 Info :     Test: UTI1
2022-11-23 11:15:31.363 Info :   Accession: 2232001200
2022-11-23 11:15:31.462 Info :     Test: UTI1
2022-11-23 11:15:31.463 Info :   Accession: 2232001201
2022-11-23 11:15:31.562 Info :     Test: UTI1
2022-11-23 11:15:31.564 Info : found file OMFQEG~C.CSV
2022-11-23 11:15:31.565 Info :   Accession: 2232000926
2022-11-23 11:15:31.653 Info :     Test: UTI1
2022-11-23 11:15:31.655 Info : found file OOUOC9~O.CSV
2022-11-23 11:15:31.656 Info :   Accession: 2232000890
2022-11-23 11:15:31.745 Info :     Test: UTI1
2022-11-23 11:15:31.747 Info : found file OS77UE~H.CSV
2022-11-23 11:15:31.748 Info :   Accession: 2232000947
2022-11-23 11:15:31.828 Info :     Test: UTI1
2022-11-23 11:15:31.830 Info : found file OTKDIF~O.CSV
2022-11-23 11:15:31.831 Info :   Accession: 2232035065
2022-11-23 11:15:31.920 Info :     Test: RP1
2022-11-23 11:15:31.922 Info : found file OXFI9A~L.CSV
2022-11-23 11:15:31.924 Info :   Accession: 2232001052
2022-11-23 11:15:32.010 Info :     Test: UTI1
2022-11-23 11:15:32.012 Info : found file OXJ6PW~Y.CSV
2022-11-23 11:15:32.013 Info :   Accession: 2232035066
2022-11-23 11:15:32.087 Info :     Test: RP1
2022-11-23 11:15:32.088 Info : found file OZ4O5Y~4.CSV
2022-11-23 11:15:32.090 Info :   Accession: 2232001190
2022-11-23 11:15:32.168 Info :     Test: UTI1
2022-11-23 11:15:32.170 Info :   Accession: 2232001193
2022-11-23 11:15:32.270 Info :     Test: UTI1
2022-11-23 11:15:32.272 Info :   Accession: 2232001194
2022-11-23 11:15:32.362 Info :     Test: UTI1
2022-11-23 11:15:32.364 Info :   Accession: 2232001195
2022-11-23 11:15:32.445 Info :     Test: UTI1
2022-11-23 11:15:32.446 Info :   Accession: 2232001196
2022-11-23 11:15:32.520 Info :     Test: UTI1
2022-11-23 11:15:32.522 Info : found file OZEOJ6~1.CSV
2022-11-23 11:15:32.523 Info :   Accession: 2226601182
2022-11-23 11:15:32.618 Info :     Test: UTI1
2022-11-23 11:15:32.620 Info :   Accession: 2226601183
2022-11-23 11:15:32.695 Info :     Test: UTI1
2022-11-23 11:15:32.697 Info :   Accession: 2231835735
2022-11-23 11:15:32.699 Info :   Accession: 2231895033
2022-11-23 11:15:32.700 Info :   Accession: 2231895271
2022-11-23 11:15:32.701 Info :   Accession: 2231901668
2022-11-23 11:15:32.702 Info :   Accession: 2231901669
2022-11-23 11:15:32.702 Info :   Accession: 2231901670
2022-11-23 11:15:32.703 Info :   Accession: 2231901671
2022-11-23 11:15:32.704 Info :   Accession: 2231901672
2022-11-23 11:15:32.705 Info :   Accession: 2231902043
2022-11-23 11:15:32.705 Info :   Accession: 2231903797
2022-11-23 11:15:32.706 Info :   Accession: 2231903810
2022-11-23 11:15:32.707 Info :   Accession: 2231935037
2022-11-23 11:15:32.708 Info :   Accession: 2231935079
2022-11-23 11:15:32.708 Info :   Accession: 2231935761
2022-11-23 11:15:32.709 Info :   Accession: 2231935762
2022-11-23 11:15:32.710 Info :   Accession: 2231935797
2022-11-23 11:15:32.712 Info :   Accession: 2231935813
2022-11-23 11:15:32.713 Info :   Accession: 2231935814
2022-11-23 11:15:32.714 Info :   Accession: 2231935815
2022-11-23 11:15:32.715 Info :   Accession: 2231935816
2022-11-23 11:15:32.716 Info :   Accession: 2231935818
2022-11-23 11:15:32.716 Info :   Accession: 2231935819
2022-11-23 11:15:32.717 Info :   Accession: 2231935821
2022-11-23 11:15:32.718 Info :   Accession: 2231935823
2022-11-23 11:15:32.718 Info :   Accession: 2231935826
2022-11-23 11:15:32.719 Info :   Accession: 2231935827
2022-11-23 11:15:32.720 Info :   Accession: 2231935828
2022-11-23 11:15:32.721 Info :   Accession: 2231935831
2022-11-23 11:15:32.721 Info :   Accession: 2231935833
2022-11-23 11:15:32.722 Info :   Accession: 2231935836
2022-11-23 11:15:32.723 Info :   Accession: 2231935838
2022-11-23 11:15:32.723 Info :   Accession: 2231935845
2022-11-23 11:15:32.724 Info :   Accession: 2231935855
2022-11-23 11:15:32.725 Info :   Accession: 2231935862
2022-11-23 11:15:32.727 Info :   Accession: 2231935870
2022-11-23 11:15:32.728 Info :   Accession: 2231935871
2022-11-23 11:15:32.729 Info :   Accession: 2231935872
2022-11-23 11:15:32.730 Info :   Accession: 2231935873
2022-11-23 11:15:32.730 Info :   Accession: 2231935875
2022-11-23 11:15:32.731 Info :   Accession: 2231935876
2022-11-23 11:15:32.732 Info :   Accession: 2231935878
2022-11-23 11:15:32.732 Info :   Accession: 2231935879
2022-11-23 11:15:32.733 Info :   Accession: 2231935880
2022-11-23 11:15:32.734 Info :   Accession: 2231935881
2022-11-23 11:15:32.734 Info :   Accession: 2231935884
2022-11-23 11:15:32.735 Info :   Accession: 2231970017
2022-11-23 11:15:32.736 Info :   Accession: 2231995035
2022-11-23 11:15:32.736 Info :   Accession: 2232000072
2022-11-23 11:15:32.737 Info :   Accession: 2232000101
2022-11-23 11:15:32.738 Info :   Accession: 2232000110
2022-11-23 11:15:32.738 Info :   Accession: 2232000145
2022-11-23 11:15:32.739 Info :   Accession: 2232000190
2022-11-23 11:15:32.740 Info :   Accession: 2232000198
2022-11-23 11:15:32.742 Info :   Accession: 2232000202
2022-11-23 11:15:32.742 Info :   Accession: 2232000208
2022-11-23 11:15:32.744 Info :   Accession: 2232000210
2022-11-23 11:15:32.745 Info :   Accession: 2232000212
2022-11-23 11:15:32.746 Info :   Accession: 2232000218
2022-11-23 11:15:32.746 Info :   Accession: 2232000220
2022-11-23 11:15:32.747 Info :   Accession: 2232000226
2022-11-23 11:15:32.748 Info :   Accession: 2232000239
2022-11-23 11:15:32.748 Info :   Accession: 2232000244
2022-11-23 11:15:32.749 Info :   Accession: 2232000247
2022-11-23 11:15:32.750 Info :   Accession: 2232000249
2022-11-23 11:15:32.750 Info :   Accession: 2232000252
2022-11-23 11:15:32.751 Info :   Accession: 2232000438
2022-11-23 11:15:32.752 Info :   Accession: 2232000459
2022-11-23 11:15:32.752 Info :   Accession: 2232000652
2022-11-23 11:15:32.753 Info :   Accession: 2232000859
2022-11-23 11:15:32.754 Info :   Accession: 2232000883
2022-11-23 11:15:32.755 Info :   Accession: 2232000974
2022-11-23 11:15:32.755 Info :   Accession: 2232001113
2022-11-23 11:15:32.757 Info :   Accession: 2232001134
2022-11-23 11:15:32.758 Info :   Accession: 2232001257
2022-11-23 11:15:32.759 Info :   Accession: 2232035017
2022-11-23 11:15:32.760 Info :   Accession: 2232035019
2022-11-23 11:15:32.760 Info :   Accession: 2232035021
2022-11-23 11:15:32.761 Info :   Accession: 2232035022
2022-11-23 11:15:32.762 Info :   Accession: 2232035065
2022-11-23 11:15:32.762 Info :   Accession: 2232035066
2022-11-23 11:15:32.763 Info :   Accession: 2232090006
2022-11-23 11:15:32.764 Info :   Accession: 2232090031
2022-11-23 11:15:32.764 Info :   Accession: 2232090040
2022-11-23 11:15:32.769 Info : StarletLoader session finished
2022-11-23 11:15:35.816 Info : StarletLoader session started
2022-11-23 11:15:35.895 Info : found file dummy.csv
2022-11-23 11:15:35.902 Info :   Accession: 2231500815
2022-11-23 11:15:36.023 Info :     Test: RP1
2022-11-23 11:15:36.025 Info : found file O1T5I0~7.CSV
2022-11-23 11:15:36.026 Info :   Accession: 2232000937
2022-11-23 11:15:36.112 Info :     Test: UTI1
2022-11-23 11:15:36.113 Info : found file O44FH0~K.CSV
2022-11-23 11:15:36.115 Info :   Accession: 2231995227
2022-11-23 11:15:36.116 Info : found file O8PAAL~O.CSV
2022-11-23 11:15:36.117 Info :   Accession: 2232001130
2022-11-23 11:15:36.220 Info :     Test: UTI1
2022-11-23 11:15:36.222 Info : found file OBHBV1~U.CSV
2022-11-23 11:15:36.223 Info :   Accession: 2232001136
2022-11-23 11:15:36.312 Info :     Test: UTI1
2022-11-23 11:15:36.313 Info : found file OGJEV4~Y.CSV
2022-11-23 11:15:36.315 Info :   Accession: 2231902981
2022-11-23 11:15:36.403 Info :     Test: UTI1
2022-11-23 11:15:36.405 Info :   Accession: 2231903049
2022-11-23 11:15:36.495 Info :     Test: UTI1
2022-11-23 11:15:36.497 Info : found file OK3NBK~8.CSV
2022-11-23 11:15:36.498 Info :   Accession: 2232001197
2022-11-23 11:15:36.578 Info :     Test: UTI1
2022-11-23 11:15:36.580 Info :   Accession: 2232001200
2022-11-23 11:15:36.670 Info :     Test: UTI1
2022-11-23 11:15:36.672 Info :   Accession: 2232001201
2022-11-23 11:15:36.770 Info :     Test: UTI1
2022-11-23 11:15:36.772 Info : found file OMFQEG~C.CSV
2022-11-23 11:15:36.774 Info :   Accession: 2232000926
2022-11-23 11:15:36.878 Info :     Test: UTI1
2022-11-23 11:15:36.880 Info : found file OOUOC9~O.CSV
2022-11-23 11:15:36.882 Info :   Accession: 2232000890
2022-11-23 11:15:36.970 Info :     Test: UTI1
2022-11-23 11:15:36.972 Info : found file OS77UE~H.CSV
2022-11-23 11:15:36.974 Info :   Accession: 2232000947
2022-11-23 11:15:37.062 Info :     Test: UTI1
2022-11-23 11:15:37.063 Info : found file OTKDIF~O.CSV
2022-11-23 11:15:37.065 Info :   Accession: 2232035065
2022-11-23 11:15:37.153 Info :     Test: RP1
2022-11-23 11:15:37.155 Info : found file OXFI9A~L.CSV
2022-11-23 11:15:37.156 Info :   Accession: 2232001052
2022-11-23 11:15:37.245 Info :     Test: UTI1
2022-11-23 11:15:37.247 Info : found file OXJ6PW~Y.CSV
2022-11-23 11:15:37.248 Info :   Accession: 2232035066
2022-11-23 11:15:37.337 Info :     Test: RP1
2022-11-23 11:15:37.339 Info : found file OZ4O5Y~4.CSV
2022-11-23 11:15:37.340 Info :   Accession: 2232001190
2022-11-23 11:15:37.428 Info :     Test: UTI1
2022-11-23 11:15:37.431 Info :   Accession: 2232001193
2022-11-23 11:15:37.520 Info :     Test: UTI1
2022-11-23 11:15:37.522 Info :   Accession: 2232001194
2022-11-23 11:15:37.620 Info :     Test: UTI1
2022-11-23 11:15:37.622 Info :   Accession: 2232001195
2022-11-23 11:15:37.712 Info :     Test: UTI1
2022-11-23 11:15:37.713 Info :   Accession: 2232001196
2022-11-23 11:15:37.795 Info :     Test: UTI1
2022-11-23 11:15:37.797 Info : found file OZEOJ6~1.CSV
2022-11-23 11:15:37.798 Info :   Accession: 2226601182
2022-11-23 11:15:37.887 Info :     Test: UTI1
2022-11-23 11:15:37.889 Info :   Accession: 2226601183
2022-11-23 11:15:37.970 Info :     Test: UTI1
2022-11-23 11:15:37.972 Info :   Accession: 2231835735
2022-11-23 11:15:37.973 Info :   Accession: 2231895033
2022-11-23 11:15:37.974 Info :   Accession: 2231895271
2022-11-23 11:15:37.975 Info :   Accession: 2231901668
2022-11-23 11:15:37.975 Info :   Accession: 2231901669
2022-11-23 11:15:37.976 Info :   Accession: 2231901670
2022-11-23 11:15:37.977 Info :   Accession: 2231901671
2022-11-23 11:15:37.978 Info :   Accession: 2231901672
2022-11-23 11:15:37.979 Info :   Accession: 2231902043
2022-11-23 11:15:37.980 Info :   Accession: 2231903797
2022-11-23 11:15:37.980 Info :   Accession: 2231903810
2022-11-23 11:15:37.982 Info :   Accession: 2231935037
2022-11-23 11:15:37.983 Info :   Accession: 2231935079
2022-11-23 11:15:37.983 Info :   Accession: 2231935761
2022-11-23 11:15:37.984 Info :   Accession: 2231935762
2022-11-23 11:15:37.985 Info :   Accession: 2231935797
2022-11-23 11:15:37.985 Info :   Accession: 2231935813
2022-11-23 11:15:37.986 Info :   Accession: 2231935814
2022-11-23 11:15:37.987 Info :   Accession: 2231935815
2022-11-23 11:15:37.988 Info :   Accession: 2231935816
2022-11-23 11:15:37.988 Info :   Accession: 2231935818
2022-11-23 11:15:37.989 Info :   Accession: 2231935819
2022-11-23 11:15:37.990 Info :   Accession: 2231935821
2022-11-23 11:15:37.990 Info :   Accession: 2231935823
2022-11-23 11:15:37.991 Info :   Accession: 2231935826
2022-11-23 11:15:37.992 Info :   Accession: 2231935827
2022-11-23 11:15:37.992 Info :   Accession: 2231935828
2022-11-23 11:15:37.993 Info :   Accession: 2231935831
2022-11-23 11:15:37.994 Info :   Accession: 2231935833
2022-11-23 11:15:37.995 Info :   Accession: 2231935836
2022-11-23 11:15:37.996 Info :   Accession: 2231935838
2022-11-23 11:15:37.996 Info :   Accession: 2231935845
2022-11-23 11:15:37.997 Info :   Accession: 2231935855
2022-11-23 11:15:37.999 Info :   Accession: 2231935862
2022-11-23 11:15:38.000 Info :   Accession: 2231935870
2022-11-23 11:15:38.000 Info :   Accession: 2231935871
2022-11-23 11:15:38.001 Info :   Accession: 2231935872
2022-11-23 11:15:38.002 Info :   Accession: 2231935873
2022-11-23 11:15:38.002 Info :   Accession: 2231935875
2022-11-23 11:15:38.003 Info :   Accession: 2231935876
2022-11-23 11:15:38.004 Info :   Accession: 2231935878
2022-11-23 11:15:38.004 Info :   Accession: 2231935879
2022-11-23 11:15:38.005 Info :   Accession: 2231935880
2022-11-23 11:15:38.006 Info :   Accession: 2231935881
2022-11-23 11:15:38.007 Info :   Accession: 2231935884
2022-11-23 11:15:38.007 Info :   Accession: 2231970017
2022-11-23 11:15:38.008 Info :   Accession: 2231995035
2022-11-23 11:15:38.009 Info :   Accession: 2232000072
2022-11-23 11:15:38.009 Info :   Accession: 2232000101
2022-11-23 11:15:38.010 Info :   Accession: 2232000110
2022-11-23 11:15:38.011 Info :   Accession: 2232000145
2022-11-23 11:15:38.012 Info :   Accession: 2232000190
2022-11-23 11:15:38.013 Info :   Accession: 2232000198
2022-11-23 11:15:38.014 Info :   Accession: 2232000202
2022-11-23 11:15:38.015 Info :   Accession: 2232000208
2022-11-23 11:15:38.016 Info :   Accession: 2232000210
2022-11-23 11:15:38.016 Info :   Accession: 2232000212
2022-11-23 11:15:38.017 Info :   Accession: 2232000218
2022-11-23 11:15:38.018 Info :   Accession: 2232000220
2022-11-23 11:15:38.018 Info :   Accession: 2232000226
2022-11-23 11:15:38.019 Info :   Accession: 2232000239
2022-11-23 11:15:38.020 Info :   Accession: 2232000244
2022-11-23 11:15:38.021 Info :   Accession: 2232000247
2022-11-23 11:15:38.021 Info :   Accession: 2232000249
2022-11-23 11:15:38.022 Info :   Accession: 2232000252
2022-11-23 11:15:38.023 Info :   Accession: 2232000438
2022-11-23 11:15:38.023 Info :   Accession: 2232000459
2022-11-23 11:15:38.024 Info :   Accession: 2232000652
2022-11-23 11:15:38.025 Info :   Accession: 2232000859
2022-11-23 11:15:38.025 Info :   Accession: 2232000883
2022-11-23 11:15:38.026 Info :   Accession: 2232000974
2022-11-23 11:15:38.027 Info :   Accession: 2232001113
2022-11-23 11:15:38.027 Info :   Accession: 2232001134
2022-11-23 11:15:38.028 Info :   Accession: 2232001257
2022-11-23 11:15:38.029 Info :   Accession: 2232035017
2022-11-23 11:15:38.031 Info :   Accession: 2232035019
2022-11-23 11:15:38.031 Info :   Accession: 2232035021
2022-11-23 11:15:38.032 Info :   Accession: 2232035022
2022-11-23 11:15:38.033 Info :   Accession: 2232035065
2022-11-23 11:15:38.034 Info :   Accession: 2232035066
2022-11-23 11:15:38.034 Info :   Accession: 2232090006
2022-11-23 11:15:38.035 Info :   Accession: 2232090031
2022-11-23 11:15:38.036 Info :   Accession: 2232090040
2022-11-23 11:15:38.041 Info : StarletLoader session finished
2022-11-23 11:16:25.131 Info : StarletLoader session started
2022-11-23 11:16:25.219 Info : found file dummy.csv
2022-11-23 11:16:25.228 Info :   Accession: 2231500815
2022-11-23 11:16:25.340 Info :     Test: RP1
2022-11-23 11:17:09.499 Info : StarletLoader session started
2022-11-23 11:17:09.580 Info : found file dummy.csv
2022-11-23 11:17:09.588 Info :   Accession: 2231500815
2022-11-23 11:17:09.700 Info :     Test: RP1
2022-11-23 11:17:09.708 Info : File D:\repository\StarletLoader\Gateway\Input\dummy.csv archived to .\Gateway\Arch\dummy.csv
2022-11-23 11:17:09.712 Info : found file O1T5I0~7.CSV
2022-11-23 11:17:09.714 Info :   Accession: 2232000937
2022-11-23 11:17:09.799 Info :     Test: UTI1
2022-11-23 11:17:09.801 Info : File D:\repository\StarletLoader\Gateway\Input\O1T5I0~7.CSV archived to .\Gateway\Arch\O1T5I0~7.CSV
2022-11-23 11:17:09.804 Info : found file O44FH0~K.CSV
2022-11-23 11:17:09.805 Info :   Accession: 2231995227
2022-11-23 11:17:09.806 Info : File D:\repository\StarletLoader\Gateway\Input\O44FH0~K.CSV archived to .\Gateway\Arch\O44FH0~K.CSV
2022-11-23 11:17:09.808 Info : found file O8PAAL~O.CSV
2022-11-23 11:17:09.809 Info :   Accession: 2232001130
2022-11-23 11:17:09.898 Info :     Test: UTI1
2022-11-23 11:17:09.900 Info : File D:\repository\StarletLoader\Gateway\Input\O8PAAL~O.CSV archived to .\Gateway\Arch\O8PAAL~O.CSV
2022-11-23 11:17:09.903 Info : found file OBHBV1~U.CSV
2022-11-23 11:17:09.904 Info :   Accession: 2232001136
2022-11-23 11:17:09.999 Info :     Test: UTI1
2022-11-23 11:17:10.001 Info : File D:\repository\StarletLoader\Gateway\Input\OBHBV1~U.CSV archived to .\Gateway\Arch\OBHBV1~U.CSV
2022-11-23 11:17:10.004 Info : found file OGJEV4~Y.CSV
2022-11-23 11:17:10.005 Info :   Accession: 2231902981
2022-11-23 11:17:10.106 Info :     Test: UTI1
2022-11-23 11:17:10.108 Info :   Accession: 2231903049
2022-11-23 11:17:10.191 Info :     Test: UTI1
2022-11-23 11:17:10.193 Info : File D:\repository\StarletLoader\Gateway\Input\OGJEV4~Y.CSV archived to .\Gateway\Arch\OGJEV4~Y.CSV
2022-11-23 11:17:10.196 Info : found file OK3NBK~8.CSV
2022-11-23 11:17:10.197 Info :   Accession: 2232001197
2022-11-23 11:17:10.283 Info :     Test: UTI1
2022-11-23 11:17:10.284 Info :   Accession: 2232001200
2022-11-23 11:17:10.366 Info :     Test: UTI1
2022-11-23 11:17:10.368 Info :   Accession: 2232001201
2022-11-23 11:17:10.473 Info :     Test: UTI1
2022-11-23 11:17:10.475 Info : File D:\repository\StarletLoader\Gateway\Input\OK3NBK~8.CSV archived to .\Gateway\Arch\OK3NBK~8.CSV
2022-11-23 11:17:10.495 Info : found file OMFQEG~C.CSV
2022-11-23 11:17:10.496 Info :   Accession: 2232000926
2022-11-23 11:17:10.591 Info :     Test: UTI1
2022-11-23 11:17:10.593 Info : File D:\repository\StarletLoader\Gateway\Input\OMFQEG~C.CSV archived to .\Gateway\Arch\OMFQEG~C.CSV
2022-11-23 11:17:10.596 Info : found file OOUOC9~O.CSV
2022-11-23 11:17:10.597 Info :   Accession: 2232000890
2022-11-23 11:17:10.683 Info :     Test: UTI1
2022-11-23 11:17:10.684 Info : File D:\repository\StarletLoader\Gateway\Input\OOUOC9~O.CSV archived to .\Gateway\Arch\OOUOC9~O.CSV
2022-11-23 11:17:10.687 Info : found file OS77UE~H.CSV
2022-11-23 11:17:10.688 Info :   Accession: 2232000947
2022-11-23 11:17:10.783 Info :     Test: UTI1
2022-11-23 11:17:10.785 Info : File D:\repository\StarletLoader\Gateway\Input\OS77UE~H.CSV archived to .\Gateway\Arch\OS77UE~H.CSV
2022-11-23 11:17:10.787 Info : found file OTKDIF~O.CSV
2022-11-23 11:17:10.788 Info :   Accession: 2232035065
2022-11-23 11:17:10.873 Info :     Test: RP1
2022-11-23 11:17:10.875 Info : File D:\repository\StarletLoader\Gateway\Input\OTKDIF~O.CSV archived to .\Gateway\Arch\OTKDIF~O.CSV
2022-11-23 11:17:10.877 Info : found file OXFI9A~L.CSV
2022-11-23 11:17:10.879 Info :   Accession: 2232001052
2022-11-23 11:17:10.974 Info :     Test: UTI1
2022-11-23 11:17:10.976 Info : File D:\repository\StarletLoader\Gateway\Input\OXFI9A~L.CSV archived to .\Gateway\Arch\OXFI9A~L.CSV
2022-11-23 11:17:10.978 Info : found file OXJ6PW~Y.CSV
2022-11-23 11:17:10.979 Info :   Accession: 2232035066
2022-11-23 11:17:11.066 Info :     Test: RP1
2022-11-23 11:17:11.068 Info : File D:\repository\StarletLoader\Gateway\Input\OXJ6PW~Y.CSV archived to .\Gateway\Arch\OXJ6PW~Y.CSV
2022-11-23 11:17:11.070 Info : found file OZ4O5Y~4.CSV
2022-11-23 11:17:11.071 Info :   Accession: 2232001190
2022-11-23 11:17:11.158 Info :     Test: UTI1
2022-11-23 11:17:11.159 Info :   Accession: 2232001193
2022-11-23 11:17:11.241 Info :     Test: UTI1
2022-11-23 11:17:11.242 Info :   Accession: 2232001194
2022-11-23 11:17:11.341 Info :     Test: UTI1
2022-11-23 11:17:11.342 Info :   Accession: 2232001195
2022-11-23 11:17:11.416 Info :     Test: UTI1
2022-11-23 11:17:11.417 Info :   Accession: 2232001196
2022-11-23 11:17:11.507 Info :     Test: UTI1
2022-11-23 11:17:11.509 Info : File D:\repository\StarletLoader\Gateway\Input\OZ4O5Y~4.CSV archived to .\Gateway\Arch\OZ4O5Y~4.CSV
2022-11-23 11:17:11.512 Info : found file OZEOJ6~1.CSV
2022-11-23 11:17:11.513 Info :   Accession: 2226601182
2022-11-23 11:17:11.606 Info :     Test: UTI1
2022-11-23 11:17:11.607 Info :   Accession: 2226601183
2022-11-23 11:17:11.706 Info :     Test: UTI1
2022-11-23 11:17:11.708 Info :   Accession: 2231835735
2022-11-23 11:17:11.709 Info :   Accession: 2231895033
2022-11-23 11:17:11.710 Info :   Accession: 2231895271
2022-11-23 11:17:11.711 Info :   Accession: 2231901668
2022-11-23 11:17:11.712 Info :   Accession: 2231901669
2022-11-23 11:17:11.712 Info :   Accession: 2231901670
2022-11-23 11:17:11.713 Info :   Accession: 2231901671
2022-11-23 11:17:11.714 Info :   Accession: 2231901672
2022-11-23 11:17:11.715 Info :   Accession: 2231902043
2022-11-23 11:17:11.715 Info :   Accession: 2231903797
2022-11-23 11:17:11.716 Info :   Accession: 2231903810
2022-11-23 11:17:11.717 Info :   Accession: 2231935037
2022-11-23 11:17:11.718 Info :   Accession: 2231935079
2022-11-23 11:17:11.719 Info :   Accession: 2231935761
2022-11-23 11:17:11.719 Info :   Accession: 2231935762
2022-11-23 11:17:11.720 Info :   Accession: 2231935797
2022-11-23 11:17:11.721 Info :   Accession: 2231935813
2022-11-23 11:17:11.722 Info :   Accession: 2231935814
2022-11-23 11:17:11.722 Info :   Accession: 2231935815
2022-11-23 11:17:11.723 Info :   Accession: 2231935816
2022-11-23 11:17:11.724 Info :   Accession: 2231935818
2022-11-23 11:17:11.724 Info :   Accession: 2231935819
2022-11-23 11:17:11.725 Info :   Accession: 2231935821
2022-11-23 11:17:11.728 Info :   Accession: 2231935823
2022-11-23 11:17:11.728 Info :   Accession: 2231935826
2022-11-23 11:17:11.729 Info :   Accession: 2231935827
2022-11-23 11:17:11.730 Info :   Accession: 2231935828
2022-11-23 11:17:11.731 Info :   Accession: 2231935831
2022-11-23 11:17:11.731 Info :   Accession: 2231935833
2022-11-23 11:17:11.732 Info :   Accession: 2231935836
2022-11-23 11:17:11.733 Info :   Accession: 2231935838
2022-11-23 11:17:11.733 Info :   Accession: 2231935845
2022-11-23 11:17:11.734 Info :   Accession: 2231935855
2022-11-23 11:17:11.735 Info :   Accession: 2231935862
2022-11-23 11:17:11.736 Info :   Accession: 2231935870
2022-11-23 11:17:11.737 Info :   Accession: 2231935871
2022-11-23 11:17:11.737 Info :   Accession: 2231935872
2022-11-23 11:17:11.738 Info :   Accession: 2231935873
2022-11-23 11:17:11.739 Info :   Accession: 2231935875
2022-11-23 11:17:11.739 Info :   Accession: 2231935876
2022-11-23 11:17:11.740 Info :   Accession: 2231935878
2022-11-23 11:17:11.741 Info :   Accession: 2231935879
2022-11-23 11:17:11.742 Info :   Accession: 2231935880
2022-11-23 11:17:11.743 Info :   Accession: 2231935881
2022-11-23 11:17:11.744 Info :   Accession: 2231935884
2022-11-23 11:17:11.745 Info :   Accession: 2231970017
2022-11-23 11:17:11.745 Info :   Accession: 2231995035
2022-11-23 11:17:11.746 Info :   Accession: 2232000072
2022-11-23 11:17:11.747 Info :   Accession: 2232000101
2022-11-23 11:17:11.747 Info :   Accession: 2232000110
2022-11-23 11:17:11.748 Info :   Accession: 2232000145
2022-11-23 11:17:11.749 Info :   Accession: 2232000190
2022-11-23 11:17:11.750 Info :   Accession: 2232000198
2022-11-23 11:17:11.750 Info :   Accession: 2232000202
2022-11-23 11:17:11.751 Info :   Accession: 2232000208
2022-11-23 11:17:11.752 Info :   Accession: 2232000210
2022-11-23 11:17:11.752 Info :   Accession: 2232000212
2022-11-23 11:17:11.753 Info :   Accession: 2232000218
2022-11-23 11:17:11.754 Info :   Accession: 2232000220
2022-11-23 11:17:11.755 Info :   Accession: 2232000226
2022-11-23 11:17:11.755 Info :   Accession: 2232000239
2022-11-23 11:17:11.756 Info :   Accession: 2232000244
2022-11-23 11:17:11.757 Info :   Accession: 2232000247
2022-11-23 11:17:11.759 Info :   Accession: 2232000249
2022-11-23 11:17:11.760 Info :   Accession: 2232000252
2022-11-23 11:17:11.760 Info :   Accession: 2232000438
2022-11-23 11:17:11.761 Info :   Accession: 2232000459
2022-11-23 11:17:11.762 Info :   Accession: 2232000652
2022-11-23 11:17:11.762 Info :   Accession: 2232000859
2022-11-23 11:17:11.763 Info :   Accession: 2232000883
2022-11-23 11:17:11.764 Info :   Accession: 2232000974
2022-11-23 11:17:11.764 Info :   Accession: 2232001113
2022-11-23 11:17:11.765 Info :   Accession: 2232001134
2022-11-23 11:17:11.766 Info :   Accession: 2232001257
2022-11-23 11:17:11.767 Info :   Accession: 2232035017
2022-11-23 11:17:11.768 Info :   Accession: 2232035019
2022-11-23 11:17:11.768 Info :   Accession: 2232035021
2022-11-23 11:17:11.769 Info :   Accession: 2232035022
2022-11-23 11:17:11.770 Info :   Accession: 2232035065
2022-11-23 11:17:11.770 Info :   Accession: 2232035066
2022-11-23 11:17:11.771 Info :   Accession: 2232090006
2022-11-23 11:17:11.772 Info :   Accession: 2232090031
2022-11-23 11:17:11.774 Info :   Accession: 2232090040
2022-11-23 11:17:11.774 Info : File D:\repository\StarletLoader\Gateway\Input\OZEOJ6~1.CSV archived to .\Gateway\Arch\OZEOJ6~1.CSV
2022-11-23 11:17:11.781 Info : StarletLoader session finished
2022-11-23 11:17:38.923 Info : StarletLoader session started
2022-11-23 11:17:39.014 Info : StarletLoader session finished
2022-11-23 11:25:54.222 Info : StarletLoader session started
2022-11-23 11:26:19.683 Info : StarletLoader session started
2022-11-23 11:26:19.763 Info : StarletLoader session finished
2022-11-23 11:27:21.417 Info : StarletLoader session started
2022-11-23 11:27:21.496 Info : StarletLoader session finished
2022-11-23 11:28:26.641 Info : StarletLoader session started
2022-11-23 11:28:26.719 Info : StarletLoader session finished
2022-11-23 11:28:38.069 Info : StarletLoader session started
2022-11-23 11:28:38.147 Info : StarletLoader session finished
2022-11-23 11:33:33.776 Info : StarletLoader session started
2022-11-23 11:33:33.856 Info : found file dummy.csv
2022-11-23 11:33:33.865 Info :   Accession: 2231500815
2022-11-23 11:33:33.968 Info :     Test: RP1
2022-11-23 11:33:33.976 Info : File D:\repository\Starlet\StarletLoader\Gateway\Input\dummy.csv archived to .\Gateway\Arch\dummy.csv
2022-11-23 11:33:33.980 Info : found file O1T5I0~7.CSV
2022-11-23 11:33:33.982 Info :   Accession: 2232000937
2022-11-23 11:33:34.066 Info :     Test: UTI1
2022-11-23 11:33:34.068 Info : File D:\repository\Starlet\StarletLoader\Gateway\Input\O1T5I0~7.CSV archived to .\Gateway\Arch\O1T5I0~7.CSV
2022-11-23 11:33:34.071 Info : found file O44FH0~K.CSV
2022-11-23 11:33:34.073 Info :   Accession: 2231995227
2022-11-23 11:33:34.074 Info : File D:\repository\Starlet\StarletLoader\Gateway\Input\O44FH0~K.CSV archived to .\Gateway\Arch\O44FH0~K.CSV
2022-11-23 11:33:34.076 Info : found file O8PAAL~O.CSV
2022-11-23 11:33:34.077 Info :   Accession: 2232001130
2022-11-23 11:33:34.174 Info :     Test: UTI1
2022-11-23 11:33:34.176 Info : File D:\repository\Starlet\StarletLoader\Gateway\Input\O8PAAL~O.CSV archived to .\Gateway\Arch\O8PAAL~O.CSV
2022-11-23 11:33:34.179 Info : found file OBHBV1~U.CSV
2022-11-23 11:33:34.180 Info :   Accession: 2232001136
2022-11-23 11:33:34.282 Info :     Test: UTI1
2022-11-23 11:33:34.284 Info : File D:\repository\Starlet\StarletLoader\Gateway\Input\OBHBV1~U.CSV archived to .\Gateway\Arch\OBHBV1~U.CSV
2022-11-23 11:33:34.287 Info : found file OGJEV4~Y.CSV
2022-11-23 11:33:34.288 Info :   Accession: 2231902981
2022-11-23 11:33:34.391 Info :     Test: UTI1
2022-11-23 11:33:34.393 Info :   Accession: 2231903049
2022-11-23 11:33:34.482 Info :     Test: UTI1
2022-11-23 11:33:34.484 Info : File D:\repository\Starlet\StarletLoader\Gateway\Input\OGJEV4~Y.CSV archived to .\Gateway\Arch\OGJEV4~Y.CSV
2022-11-23 11:33:34.488 Info : found file OK3NBK~8.CSV
2022-11-23 11:33:34.489 Info :   Accession: 2232001197
2022-11-23 11:33:34.574 Info :     Test: UTI1
2022-11-23 11:33:34.576 Info :   Accession: 2232001200
2022-11-23 11:33:34.671 Info :     Test: UTI1
2022-11-23 11:33:34.673 Info :   Accession: 2232001201
2022-11-23 11:33:34.749 Info :     Test: UTI1
2022-11-23 11:33:34.762 Info : File D:\repository\Starlet\StarletLoader\Gateway\Input\OK3NBK~8.CSV archived to .\Gateway\Arch\OK3NBK~8.CSV
2022-11-23 11:33:34.765 Info : found file OMFQEG~C.CSV
2022-11-23 11:33:34.767 Info :   Accession: 2232000926
2022-11-23 11:33:34.841 Info :     Test: UTI1
2022-11-23 11:33:34.843 Info : File D:\repository\Starlet\StarletLoader\Gateway\Input\OMFQEG~C.CSV archived to .\Gateway\Arch\OMFQEG~C.CSV
2022-11-23 11:33:34.846 Info : found file OOUOC9~O.CSV
2022-11-23 11:33:34.847 Info :   Accession: 2232000890
2022-11-23 11:33:34.938 Info :     Test: UTI1
2022-11-23 11:33:34.940 Info : File D:\repository\Starlet\StarletLoader\Gateway\Input\OOUOC9~O.CSV archived to .\Gateway\Arch\OOUOC9~O.CSV
2022-11-23 11:33:34.943 Info : found file OS77UE~H.CSV
2022-11-23 11:33:34.945 Info :   Accession: 2232000947
2022-11-23 11:33:35.032 Info :     Test: UTI1
2022-11-23 11:33:35.034 Info : File D:\repository\Starlet\StarletLoader\Gateway\Input\OS77UE~H.CSV archived to .\Gateway\Arch\OS77UE~H.CSV
2022-11-23 11:33:35.037 Info : found file OTKDIF~O.CSV
2022-11-23 11:33:35.038 Info :   Accession: 2232035065
2022-11-23 11:33:35.121 Info :     Test: RP1
2022-11-23 11:33:35.123 Info : File D:\repository\Starlet\StarletLoader\Gateway\Input\OTKDIF~O.CSV archived to .\Gateway\Arch\OTKDIF~O.CSV
2022-11-23 11:33:35.126 Info : found file OXFI9A~L.CSV
2022-11-23 11:33:35.128 Info :   Accession: 2232001052
2022-11-23 11:33:35.207 Info :     Test: UTI1
2022-11-23 11:33:35.209 Info : File D:\repository\Starlet\StarletLoader\Gateway\Input\OXFI9A~L.CSV archived to .\Gateway\Arch\OXFI9A~L.CSV
2022-11-23 11:33:35.212 Info : found file OXJ6PW~Y.CSV
2022-11-23 11:33:35.213 Info :   Accession: 2232035066
2022-11-23 11:33:35.308 Info :     Test: RP1
2022-11-23 11:33:35.310 Info : File D:\repository\Starlet\StarletLoader\Gateway\Input\OXJ6PW~Y.CSV archived to .\Gateway\Arch\OXJ6PW~Y.CSV
2022-11-23 11:33:35.312 Info : found file OZ4O5Y~4.CSV
2022-11-23 11:33:35.314 Info :   Accession: 2232001190
2022-11-23 11:33:35.405 Info :     Test: UTI1
2022-11-23 11:33:35.406 Info :   Accession: 2232001193
2022-11-23 11:33:35.499 Info :     Test: UTI1
2022-11-23 11:33:35.501 Info :   Accession: 2232001194
2022-11-23 11:33:35.590 Info :     Test: UTI1
2022-11-23 11:33:35.592 Info :   Accession: 2232001195
2022-11-23 11:33:35.674 Info :     Test: UTI1
2022-11-23 11:33:35.676 Info :   Accession: 2232001196
2022-11-23 11:33:35.766 Info :     Test: UTI1
2022-11-23 11:33:35.767 Info : File D:\repository\Starlet\StarletLoader\Gateway\Input\OZ4O5Y~4.CSV archived to .\Gateway\Arch\OZ4O5Y~4.CSV
2022-11-23 11:33:35.770 Info : found file OZEOJ6~1.CSV
2022-11-23 11:33:35.771 Info :   Accession: 2226601182
2022-11-23 11:33:35.866 Info :     Test: UTI1
2022-11-23 11:33:35.868 Info :   Accession: 2226601183
2022-11-23 11:33:35.957 Info :     Test: UTI1
2022-11-23 11:33:35.959 Info :   Accession: 2231835735
2022-11-23 11:33:35.960 Info :   Accession: 2231895033
2022-11-23 11:33:35.961 Info :   Accession: 2231895271
2022-11-23 11:33:35.962 Info :   Accession: 2231901668
2022-11-23 11:33:35.963 Info :   Accession: 2231901669
2022-11-23 11:33:35.964 Info :   Accession: 2231901670
2022-11-23 11:33:35.965 Info :   Accession: 2231901671
2022-11-23 11:33:35.965 Info :   Accession: 2231901672
2022-11-23 11:33:35.966 Info :   Accession: 2231902043
2022-11-23 11:33:35.967 Info :   Accession: 2231903797
2022-11-23 11:33:35.967 Info :   Accession: 2231903810
2022-11-23 11:33:35.968 Info :   Accession: 2231935037
2022-11-23 11:33:35.969 Info :   Accession: 2231935079
2022-11-23 11:33:35.970 Info :   Accession: 2231935761
2022-11-23 11:33:35.970 Info :   Accession: 2231935762
2022-11-23 11:33:35.971 Info :   Accession: 2231935797
2022-11-23 11:33:35.972 Info :   Accession: 2231935813
2022-11-23 11:33:35.973 Info :   Accession: 2231935814
2022-11-23 11:33:35.973 Info :   Accession: 2231935815
2022-11-23 11:33:35.974 Info :   Accession: 2231935816
2022-11-23 11:33:35.975 Info :   Accession: 2231935818
2022-11-23 11:33:35.976 Info :   Accession: 2231935819
2022-11-23 11:33:35.976 Info :   Accession: 2231935821
2022-11-23 11:33:35.977 Info :   Accession: 2231935823
2022-11-23 11:33:35.980 Info :   Accession: 2231935826
2022-11-23 11:33:35.981 Info :   Accession: 2231935827
2022-11-23 11:33:35.981 Info :   Accession: 2231935828
2022-11-23 11:33:35.982 Info :   Accession: 2231935831
2022-11-23 11:33:35.983 Info :   Accession: 2231935833
2022-11-23 11:33:35.984 Info :   Accession: 2231935836
2022-11-23 11:33:35.984 Info :   Accession: 2231935838
2022-11-23 11:33:35.985 Info :   Accession: 2231935845
2022-11-23 11:33:35.986 Info :   Accession: 2231935855
2022-11-23 11:33:35.986 Info :   Accession: 2231935862
2022-11-23 11:33:35.987 Info :   Accession: 2231935870
2022-11-23 11:33:35.988 Info :   Accession: 2231935871
2022-11-23 11:33:35.988 Info :   Accession: 2231935872
2022-11-23 11:33:35.989 Info :   Accession: 2231935873
2022-11-23 11:33:35.990 Info :   Accession: 2231935875
2022-11-23 11:33:35.991 Info :   Accession: 2231935876
2022-11-23 11:33:35.991 Info :   Accession: 2231935878
2022-11-23 11:33:35.992 Info :   Accession: 2231935879
2022-11-23 11:33:35.993 Info :   Accession: 2231935880
2022-11-23 11:33:35.993 Info :   Accession: 2231935881
2022-11-23 11:33:35.996 Info :   Accession: 2231935884
2022-11-23 11:33:35.997 Info :   Accession: 2231970017
2022-11-23 11:33:35.998 Info :   Accession: 2231995035
2022-11-23 11:33:35.998 Info :   Accession: 2232000072
2022-11-23 11:33:35.999 Info :   Accession: 2232000101
2022-11-23 11:33:36.000 Info :   Accession: 2232000110
2022-11-23 11:33:36.000 Info :   Accession: 2232000145
2022-11-23 11:33:36.001 Info :   Accession: 2232000190
2022-11-23 11:33:36.002 Info :   Accession: 2232000198
2022-11-23 11:33:36.003 Info :   Accession: 2232000202
2022-11-23 11:33:36.003 Info :   Accession: 2232000208
2022-11-23 11:33:36.004 Info :   Accession: 2232000210
2022-11-23 11:33:36.005 Info :   Accession: 2232000212
2022-11-23 11:33:36.005 Info :   Accession: 2232000218
2022-11-23 11:33:36.006 Info :   Accession: 2232000220
2022-11-23 11:33:36.007 Info :   Accession: 2232000226
2022-11-23 11:33:36.007 Info :   Accession: 2232000239
2022-11-23 11:33:36.008 Info :   Accession: 2232000244
2022-11-23 11:33:36.009 Info :   Accession: 2232000247
2022-11-23 11:33:36.011 Info :   Accession: 2232000249
2022-11-23 11:33:36.011 Info :   Accession: 2232000252
2022-11-23 11:33:36.012 Info :   Accession: 2232000438
2022-11-23 11:33:36.013 Info :   Accession: 2232000459
2022-11-23 11:33:36.014 Info :   Accession: 2232000652
2022-11-23 11:33:36.015 Info :   Accession: 2232000859
2022-11-23 11:33:36.015 Info :   Accession: 2232000883
2022-11-23 11:33:36.016 Info :   Accession: 2232000974
2022-11-23 11:33:36.017 Info :   Accession: 2232001113
2022-11-23 11:33:36.017 Info :   Accession: 2232001134
2022-11-23 11:33:36.018 Info :   Accession: 2232001257
2022-11-23 11:33:36.019 Info :   Accession: 2232035017
2022-11-23 11:33:36.020 Info :   Accession: 2232035019
2022-11-23 11:33:36.020 Info :   Accession: 2232035021
2022-11-23 11:33:36.021 Info :   Accession: 2232035022
2022-11-23 11:33:36.022 Info :   Accession: 2232035065
2022-11-23 11:33:36.022 Info :   Accession: 2232035066
2022-11-23 11:33:36.023 Info :   Accession: 2232090006
2022-11-23 11:33:36.024 Info :   Accession: 2232090031
2022-11-23 11:33:36.024 Info :   Accession: 2232090040
2022-11-23 11:33:36.025 Info : File D:\repository\Starlet\StarletLoader\Gateway\Input\OZEOJ6~1.CSV archived to .\Gateway\Arch\OZEOJ6~1.CSV
2022-11-23 11:33:36.034 Info : StarletLoader session finished
